Using pre-set license
Built from '2020.3/staging' branch; Version is '2020.3.30f1 (1fb1bf06830e) revision 2077119'; Using compiler version '192528614'; Build Type 'Release'
OS: 'Windows 10  (10.0.19045) 64bit Professional' Language: 'en' Physical Memory: 16300 MB
BatchMode: 1, IsHumanControllingUs: 0, StartBugReporterOnCrash: 0, Is64bit: 1, IsPro: 0

COMMAND LINE ARGUMENTS:
C:\Program Files\Unity\Hub\Editor\2020.3.30f1\Editor\Unity.exe
-adb2
-batchMode
-noUpm
-name
AssetImportWorker0
-projectPath
D:/Desktop/an 3 sem 1/imr/WitchingTales/My project
-logFile
Logs/AssetImportWorker0.log
-srvPort
57847
Successfully changed project path to: D:/Desktop/an 3 sem 1/imr/WitchingTales/My project
D:/Desktop/an 3 sem 1/imr/WitchingTales/My project
Using Asset Import Pipeline V2.
Refreshing native plugins compatible for Editor in 26.51 ms, found 2 plugins.
Preloading 0 native plugins for Editor in 0.00 ms.
Initialize engine version: 2020.3.30f1 (1fb1bf06830e)
[Subsystems] Discovering subsystems at path C:/Program Files/Unity/Hub/Editor/2020.3.30f1/Editor/Data/Resources/UnitySubsystems
[Subsystems] Discovering subsystems at path D:/Desktop/an 3 sem 1/imr/WitchingTales/My project/Assets
GfxDevice: creating device client; threaded=0
Direct3D:
    Version:  Direct3D 11.0 [level 11.1]
    Renderer: NVIDIA GeForce GTX 1070 (ID=0x1b81)
    Vendor:   
    VRAM:     8081 MB
    Driver:   31.0.15.3623
Initialize mono
Mono path[0] = 'C:/Program Files/Unity/Hub/Editor/2020.3.30f1/Editor/Data/Managed'
Mono path[1] = 'C:/Program Files/Unity/Hub/Editor/2020.3.30f1/Editor/Data/MonoBleedingEdge/lib/mono/unityjit'
Mono config path = 'C:/Program Files/Unity/Hub/Editor/2020.3.30f1/Editor/Data/MonoBleedingEdge/etc'
Using monoOptions --debugger-agent=transport=dt_socket,embedding=1,server=y,suspend=n,address=127.0.0.1:56072
Begin MonoManager ReloadAssembly
Registering precompiled unity dll's ...
Register platform support module: C:/Program Files/Unity/Hub/Editor/2020.3.30f1/Editor/Data/PlaybackEngines/WebGLSupport/UnityEditor.WebGL.Extensions.dll
Register platform support module: C:/Program Files/Unity/Hub/Editor/2020.3.30f1/Editor/Data/PlaybackEngines/WindowsStandaloneSupport/UnityEditor.WindowsStandalone.Extensions.dll
Registered in 0.003148 seconds.
Native extension for WindowsStandalone target not found
Native extension for WebGL target not found
Refreshing native plugins compatible for Editor in 25.67 ms, found 2 plugins.
Preloading 0 native plugins for Editor in 0.00 ms.
Mono: successfully reloaded assembly
- Completed reload, in  0.546 seconds
Domain Reload Profiling:
	ReloadAssembly (547ms)
		BeginReloadAssembly (68ms)
			ExecutionOrderSort (0ms)
			DisableScriptedObjects (0ms)
			BackupInstance (0ms)
			ReleaseScriptingObjects (0ms)
			CreateAndSetChildDomain (1ms)
		EndReloadAssembly (407ms)
			LoadAssemblies (66ms)
			RebuildTransferFunctionScriptingTraits (0ms)
			SetupTypeCache (140ms)
			ReleaseScriptCaches (0ms)
			RebuildScriptCaches (28ms)
			SetupLoadedEditorAssemblies (142ms)
				LogAssemblyErrors (0ms)
				InitializePlatformSupportModulesInManaged (5ms)
				SetLoadedEditorAssemblies (0ms)
				RefreshPlugins (26ms)
				BeforeProcessingInitializeOnLoad (11ms)
				ProcessInitializeOnLoadAttributes (75ms)
				ProcessInitializeOnLoadMethodAttributes (25ms)
				AfterProcessingInitializeOnLoad (0ms)
				EditorAssembliesLoaded (0ms)
			ExecutionOrderSort2 (0ms)
			AwakeInstancesAfterBackupRestoration (0ms)
Platform modules already initialized, skipping
Registering precompiled user dll's ...
Registered in 0.002716 seconds.
Begin MonoManager ReloadAssembly
Native extension for WindowsStandalone target not found
Native extension for WebGL target not found
Refreshing native plugins compatible for Editor in 0.28 ms, found 2 plugins.
Preloading 0 native plugins for Editor in 0.00 ms.
Mono: successfully reloaded assembly
- Completed reload, in  0.908 seconds
Domain Reload Profiling:
	ReloadAssembly (909ms)
		BeginReloadAssembly (146ms)
			ExecutionOrderSort (0ms)
			DisableScriptedObjects (4ms)
			BackupInstance (0ms)
			ReleaseScriptingObjects (0ms)
			CreateAndSetChildDomain (17ms)
		EndReloadAssembly (705ms)
			LoadAssemblies (92ms)
			RebuildTransferFunctionScriptingTraits (0ms)
			SetupTypeCache (234ms)
			ReleaseScriptCaches (0ms)
			RebuildScriptCaches (36ms)
			SetupLoadedEditorAssemblies (273ms)
				LogAssemblyErrors (0ms)
				InitializePlatformSupportModulesInManaged (5ms)
				SetLoadedEditorAssemblies (0ms)
				RefreshPlugins (0ms)
				BeforeProcessingInitializeOnLoad (80ms)
				ProcessInitializeOnLoadAttributes (170ms)
				ProcessInitializeOnLoadMethodAttributes (8ms)
				AfterProcessingInitializeOnLoad (9ms)
				EditorAssembliesLoaded (0ms)
			ExecutionOrderSort2 (0ms)
			AwakeInstancesAfterBackupRestoration (6ms)
Platform modules already initialized, skipping
========================================================================
Worker process is ready to serve import requests
Launched and connected shader compiler UnityShaderCompiler.exe after 0.05 seconds
Refreshing native plugins compatible for Editor in 0.29 ms, found 2 plugins.
Preloading 0 native plugins for Editor in 0.00 ms.
Unloading 1502 Unused Serialized files (Serialized files now loaded: 0)
System memory in use before: 67.6 MB.
System memory in use after: 67.7 MB.

Unloading 16 unused Assets to reduce memory usage. Loaded Objects now: 1937.
Total: 2.787100 ms (FindLiveObjects: 0.119400 ms CreateObjectMapping: 0.039800 ms MarkObjects: 2.569000 ms  DeleteObjects: 0.058200 ms)

AssetImportParameters requested are different than current active one (requested -> active):
  custom:framework-win-MediaFoundation: 216162199b28c13a410421893ffa2e32 -> 
  custom:video-decoder-ogg-theora: a1e56fd34408186e4bbccfd4996cb3dc -> 
  custom:container-muxer-webm: aa71ff27fc2769a1b78a27578f13a17b -> 
  custom:container-demuxer-webm: 4f35f7cbe854078d1ac9338744f61a02 -> 
  custom:container-demuxer-ogg: 62fdf1f143b41e24485cea50d1cbac27 -> 
  custom:video-encoder-webm-vp8: eb34c28f22e8b96e1ab97ce403110664 -> 
  custom:video-decoder-webm-vp8: 9c59270c3fd7afecdb556c50c9e8de78 -> 
  custom:audio-decoder-ogg-vorbis: bf7c407c2cedff20999df2af8eb42d56 -> 
  custom:audio-encoder-webm-vorbis: bf7c407c2cedff20999df2af8eb42d56 -> 
========================================================================
Received Import Request.
  path: Assets
  artifactKey: Guid(00000000000000001000000000000000) Importer(815301076,1909f56bfc062723c751e8b465ee728b)
Start importing Assets using Guid(00000000000000001000000000000000) Importer(815301076,1909f56bfc062723c751e8b465ee728b)  -> (artifact id: '42d402b061de3733987d63b9cc3b64de') in 0.008801 seconds 
========================================================================
Received Import Request.
  Time since last request: 27.204186 seconds.
  path: Assets/witch_house1.fbx
  artifactKey: Guid(35c9860910b3cf84cbcf0b3cf5034ea7) Importer(815301076,1909f56bfc062723c751e8b465ee728b)
Start importing Assets/witch_house1.fbx using Guid(35c9860910b3cf84cbcf0b3cf5034ea7) Importer(815301076,1909f56bfc062723c751e8b465ee728b)  -> (artifact id: '34094e791d5f3a483104334605287054') in 0.908632 seconds 
========================================================================
Received Import Request.
  Time since last request: 367.375168 seconds.
  path: Assets/witch_house2.fbx
  artifactKey: Guid(350537db0278a4547afe5e19f26f87bd) Importer(815301076,1909f56bfc062723c751e8b465ee728b)
Start importing Assets/witch_house2.fbx using Guid(350537db0278a4547afe5e19f26f87bd) Importer(815301076,1909f56bfc062723c751e8b465ee728b)  -> (artifact id: '283f781be6da7723a0b3b44a8578beb0') in 0.553407 seconds 
========================================================================
Received Import Request.
  Time since last request: 2784.402846 seconds.
  path: Assets/witch_house1.fbx
  artifactKey: Guid(35c9860910b3cf84cbcf0b3cf5034ea7) Importer(815301076,1909f56bfc062723c751e8b465ee728b)
Start importing Assets/witch_house1.fbx using Guid(35c9860910b3cf84cbcf0b3cf5034ea7) Importer(815301076,1909f56bfc062723c751e8b465ee728b)  -> (artifact id: 'aa4c87b8f320437727c0ebc4da1a5b5f') in 0.517660 seconds 
========================================================================
Received Import Request.
  Time since last request: 271.131818 seconds.
  path: Assets/witch_house1.fbx
  artifactKey: Guid(35c9860910b3cf84cbcf0b3cf5034ea7) Importer(815301076,1909f56bfc062723c751e8b465ee728b)
Start importing Assets/witch_house1.fbx using Guid(35c9860910b3cf84cbcf0b3cf5034ea7) Importer(815301076,1909f56bfc062723c751e8b465ee728b)  -> (artifact id: '060dac203e279efb7bb81083c803a200') in 0.540052 seconds 
========================================================================
Received Import Request.
  Time since last request: 1110.801115 seconds.
  path: Assets/witch_house1.fbx
  artifactKey: Guid(35c9860910b3cf84cbcf0b3cf5034ea7) Importer(815301076,1909f56bfc062723c751e8b465ee728b)
Start importing Assets/witch_house1.fbx using Guid(35c9860910b3cf84cbcf0b3cf5034ea7) Importer(815301076,1909f56bfc062723c751e8b465ee728b)  -> (artifact id: '1b8677677607deb695d18249fcaf37fd') in 0.466896 seconds 
========================================================================
Received Import Request.
  Time since last request: 39.933349 seconds.
  path: Assets/witch_house1.fbx
  artifactKey: Guid(35c9860910b3cf84cbcf0b3cf5034ea7) Importer(815301076,1909f56bfc062723c751e8b465ee728b)
Start importing Assets/witch_house1.fbx using Guid(35c9860910b3cf84cbcf0b3cf5034ea7) Importer(815301076,1909f56bfc062723c751e8b465ee728b)  -> (artifact id: 'aff42ff417aa872570bfe28251fe4c94') in 0.464642 seconds 
========================================================================
Received Import Request.
  Time since last request: 68.288685 seconds.
  path: Assets/witch_house1.fbx
  artifactKey: Guid(35c9860910b3cf84cbcf0b3cf5034ea7) Importer(815301076,1909f56bfc062723c751e8b465ee728b)
Start importing Assets/witch_house1.fbx using Guid(35c9860910b3cf84cbcf0b3cf5034ea7) Importer(815301076,1909f56bfc062723c751e8b465ee728b)  -> (artifact id: '40dcb23fe28f46ef12519a327350809a') in 0.469055 seconds 
========================================================================
Received Import Request.
  Time since last request: 54.721732 seconds.
  path: Assets/witch_house1.fbx
  artifactKey: Guid(35c9860910b3cf84cbcf0b3cf5034ea7) Importer(815301076,1909f56bfc062723c751e8b465ee728b)
Start importing Assets/witch_house1.fbx using Guid(35c9860910b3cf84cbcf0b3cf5034ea7) Importer(815301076,1909f56bfc062723c751e8b465ee728b)  -> (artifact id: '57973471ec57c52712154a637e05f4f4') in 0.512574 seconds 
========================================================================
Received Import Request.
  Time since last request: 20.282972 seconds.
  path: Assets/witch_house1.fbx
  artifactKey: Guid(35c9860910b3cf84cbcf0b3cf5034ea7) Importer(815301076,1909f56bfc062723c751e8b465ee728b)
Start importing Assets/witch_house1.fbx using Guid(35c9860910b3cf84cbcf0b3cf5034ea7) Importer(815301076,1909f56bfc062723c751e8b465ee728b)  -> (artifact id: '5ddf3d77abac1c8f225b43761155640e') in 0.440947 seconds 
========================================================================
Received Import Request.
  Time since last request: 49.354897 seconds.
  path: Assets/witch_house1.fbx
  artifactKey: Guid(35c9860910b3cf84cbcf0b3cf5034ea7) Importer(815301076,1909f56bfc062723c751e8b465ee728b)
Start importing Assets/witch_house1.fbx using Guid(35c9860910b3cf84cbcf0b3cf5034ea7) Importer(815301076,1909f56bfc062723c751e8b465ee728b)  -> (artifact id: '24ed431c1d48970f29abbef1c0e26ca7') in 0.469269 seconds 
========================================================================
Received Import Request.
  Time since last request: 103.332898 seconds.
  path: Assets/witch_house1.fbx
  artifactKey: Guid(35c9860910b3cf84cbcf0b3cf5034ea7) Importer(815301076,1909f56bfc062723c751e8b465ee728b)
Start importing Assets/witch_house1.fbx using Guid(35c9860910b3cf84cbcf0b3cf5034ea7) Importer(815301076,1909f56bfc062723c751e8b465ee728b)  -> (artifact id: 'a8d93cb22bd41c18ddfc531b0cc6c483') in 0.496150 seconds 
========================================================================
Received Import Request.
  Time since last request: 39.602032 seconds.
  path: Assets/witch_house1.fbx
  artifactKey: Guid(35c9860910b3cf84cbcf0b3cf5034ea7) Importer(815301076,1909f56bfc062723c751e8b465ee728b)
Start importing Assets/witch_house1.fbx using Guid(35c9860910b3cf84cbcf0b3cf5034ea7) Importer(815301076,1909f56bfc062723c751e8b465ee728b)  -> (artifact id: 'ce3e1fcaf9c1085ba7184befe69f8711') in 0.434832 seconds 
========================================================================
Received Import Request.
  Time since last request: 58.745373 seconds.
  path: Assets/witch_house1.fbx
  artifactKey: Guid(35c9860910b3cf84cbcf0b3cf5034ea7) Importer(815301076,1909f56bfc062723c751e8b465ee728b)
Start importing Assets/witch_house1.fbx using Guid(35c9860910b3cf84cbcf0b3cf5034ea7) Importer(815301076,1909f56bfc062723c751e8b465ee728b)  -> (artifact id: '00b7d4fcde9112f83c1454ca0a6caed2') in 0.452506 seconds 
========================================================================
Received Import Request.
  Time since last request: 1685.100074 seconds.
  path: Assets/witch_house1.fbx
  artifactKey: Guid(35c9860910b3cf84cbcf0b3cf5034ea7) Importer(815301076,1909f56bfc062723c751e8b465ee728b)
Start importing Assets/witch_house1.fbx using Guid(35c9860910b3cf84cbcf0b3cf5034ea7) Importer(815301076,1909f56bfc062723c751e8b465ee728b)  -> (artifact id: '669a07f929ea40be59dd50ede6921eb2') in 0.555289 seconds 
========================================================================
Received Import Request.
  Time since last request: 142.352599 seconds.
  path: Assets/witch_house1.fbx
  artifactKey: Guid(35c9860910b3cf84cbcf0b3cf5034ea7) Importer(815301076,1909f56bfc062723c751e8b465ee728b)
Start importing Assets/witch_house1.fbx using Guid(35c9860910b3cf84cbcf0b3cf5034ea7) Importer(815301076,1909f56bfc062723c751e8b465ee728b)  -> (artifact id: 'cbf06f164da486b8fe803cb3dc5271a3') in 0.555562 seconds 
========================================================================
Received Import Request.
  Time since last request: 14.914313 seconds.
  path: Assets/witch_house1.fbx
  artifactKey: Guid(35c9860910b3cf84cbcf0b3cf5034ea7) Importer(815301076,1909f56bfc062723c751e8b465ee728b)
Start importing Assets/witch_house1.fbx using Guid(35c9860910b3cf84cbcf0b3cf5034ea7) Importer(815301076,1909f56bfc062723c751e8b465ee728b)  -> (artifact id: '8342026cda31e5a0542202bdce6c88c4') in 0.494992 seconds 
