Using pre-set license
Built from '2021.3/staging' branch; Version is '2021.3.31f1 (3409e2af086f) revision 3410402'; Using compiler version '192829333'; Build Type 'Release'
OS: 'Windows 10  (10.0.19045) 64bit Professional' Language: 'en' Physical Memory: 16300 MB
BatchMode: 1, IsHumanControllingUs: 0, StartBugReporterOnCrash: 0, Is64bit: 1, IsPro: 1

COMMAND LINE ARGUMENTS:
C:\Program Files\Unity\Hub\Editor\2021.3.31f1\Editor\Unity.exe
-adb2
-batchMode
-noUpm
-name
AssetImportWorker4
-projectPath
D:/Desktop/an 3 sem 1/imr/WitchingTales/WitchingTales
-logFile
Logs/AssetImportWorker4.log
-srvPort
50491
Successfully changed project path to: D:/Desktop/an 3 sem 1/imr/WitchingTales/WitchingTales
D:/Desktop/an 3 sem 1/imr/WitchingTales/WitchingTales
[UnityMemory] Configuration Parameters - Can be set up in boot.config
    "memorysetup-bucket-allocator-granularity=16"
    "memorysetup-bucket-allocator-bucket-count=8"
    "memorysetup-bucket-allocator-block-size=33554432"
    "memorysetup-bucket-allocator-block-count=8"
    "memorysetup-main-allocator-block-size=16777216"
    "memorysetup-thread-allocator-block-size=16777216"
    "memorysetup-gfx-main-allocator-block-size=16777216"
    "memorysetup-gfx-thread-allocator-block-size=16777216"
    "memorysetup-cache-allocator-block-size=4194304"
    "memorysetup-typetree-allocator-block-size=2097152"
    "memorysetup-profiler-bucket-allocator-granularity=16"
    "memorysetup-profiler-bucket-allocator-bucket-count=8"
    "memorysetup-profiler-bucket-allocator-block-size=33554432"
    "memorysetup-profiler-bucket-allocator-block-count=8"
    "memorysetup-profiler-allocator-block-size=16777216"
    "memorysetup-profiler-editor-allocator-block-size=1048576"
    "memorysetup-temp-allocator-size-main=16777216"
    "memorysetup-job-temp-allocator-block-size=2097152"
    "memorysetup-job-temp-allocator-block-size-background=1048576"
    "memorysetup-job-temp-allocator-reduction-small-platforms=262144"
    "memorysetup-temp-allocator-size-background-worker=32768"
    "memorysetup-temp-allocator-size-job-worker=262144"
    "memorysetup-temp-allocator-size-preload-manager=33554432"
    "memorysetup-temp-allocator-size-nav-mesh-worker=65536"
    "memorysetup-temp-allocator-size-audio-worker=65536"
    "memorysetup-temp-allocator-size-cloud-worker=32768"
    "memorysetup-temp-allocator-size-gi-baking-worker=262144"
    "memorysetup-temp-allocator-size-gfx=262144"
Player connection [12484] Host "[IP] 192.168.1.22 [Port] 0 [Flags] 2 [Guid] 230518660 [EditorId] 230518660 [Version] 1048832 [Id] WindowsEditor(7,DESKTOP-K45TP8T) [Debug] 1 [PackageName] WindowsEditor [ProjectName] Editor" joined multi-casting on [225.0.0.222:54997]...

Player connection [12484] Host "[IP] 192.168.1.22 [Port] 0 [Flags] 2 [Guid] 230518660 [EditorId] 230518660 [Version] 1048832 [Id] WindowsEditor(7,DESKTOP-K45TP8T) [Debug] 1 [PackageName] WindowsEditor [ProjectName] Editor" joined alternative multi-casting on [225.0.0.222:34997]...

[Physics::Module] Initialized MultithreadedJobDispatcher with {0} workers.
Refreshing native plugins compatible for Editor in 73.40 ms, found 3 plugins.
Preloading 0 native plugins for Editor in 0.00 ms.
Initialize engine version: 2021.3.31f1 (3409e2af086f)
[Subsystems] Discovering subsystems at path C:/Program Files/Unity/Hub/Editor/2021.3.31f1/Editor/Data/Resources/UnitySubsystems
[Subsystems] Discovering subsystems at path D:/Desktop/an 3 sem 1/imr/WitchingTales/WitchingTales/Assets
GfxDevice: creating device client; threaded=0; jobified=0
Direct3D:
    Version:  Direct3D 11.0 [level 11.1]
    Renderer: NVIDIA GeForce GTX 1070 (ID=0x1b81)
    Vendor:   NVIDIA
    VRAM:     8081 MB
    Driver:   31.0.15.3623
Initialize mono
Mono path[0] = 'C:/Program Files/Unity/Hub/Editor/2021.3.31f1/Editor/Data/Managed'
Mono path[1] = 'C:/Program Files/Unity/Hub/Editor/2021.3.31f1/Editor/Data/MonoBleedingEdge/lib/mono/unityjit-win32'
Mono config path = 'C:/Program Files/Unity/Hub/Editor/2021.3.31f1/Editor/Data/MonoBleedingEdge/etc'
Using monoOptions --debugger-agent=transport=dt_socket,embedding=1,server=y,suspend=n,address=127.0.0.1:56824
Begin MonoManager ReloadAssembly
Registering precompiled unity dll's ...
Register platform support module: C:/Program Files/Unity/Hub/Editor/2021.3.31f1/Editor/Data/PlaybackEngines/AndroidPlayer/UnityEditor.Android.Extensions.dll
Register platform support module: C:/Program Files/Unity/Hub/Editor/2021.3.31f1/Editor/Data/PlaybackEngines/WindowsStandaloneSupport/UnityEditor.WindowsStandalone.Extensions.dll
Registered in 0.012163 seconds.
Native extension for WindowsStandalone target not found
Native extension for Android target not found
Android Extension - Scanning For ADB Devices 289 ms
Refreshing native plugins compatible for Editor in 66.19 ms, found 3 plugins.
Preloading 0 native plugins for Editor in 0.00 ms.
Mono: successfully reloaded assembly
- Completed reload, in  0.995 seconds
Domain Reload Profiling:
	ReloadAssembly (996ms)
		BeginReloadAssembly (120ms)
			ExecutionOrderSort (0ms)
			DisableScriptedObjects (0ms)
			BackupInstance (0ms)
			ReleaseScriptingObjects (0ms)
			CreateAndSetChildDomain (1ms)
		EndReloadAssembly (760ms)
			LoadAssemblies (117ms)
			RebuildTransferFunctionScriptingTraits (0ms)
			SetupTypeCache (108ms)
			ReleaseScriptCaches (0ms)
			RebuildScriptCaches (28ms)
			SetupLoadedEditorAssemblies (583ms)
				LogAssemblyErrors (0ms)
				InitializePlatformSupportModulesInManaged (395ms)
				SetLoadedEditorAssemblies (0ms)
				RefreshPlugins (66ms)
				BeforeProcessingInitializeOnLoad (1ms)
				ProcessInitializeOnLoadAttributes (79ms)
				ProcessInitializeOnLoadMethodAttributes (41ms)
				AfterProcessingInitializeOnLoad (0ms)
				EditorAssembliesLoaded (0ms)
			ExecutionOrderSort2 (0ms)
			AwakeInstancesAfterBackupRestoration (0ms)
Platform modules already initialized, skipping
Registering precompiled user dll's ...
Registered in 0.005480 seconds.
Begin MonoManager ReloadAssembly
Native extension for WindowsStandalone target not found
Native extension for Android target not found
Refreshing native plugins compatible for Editor in 0.55 ms, found 3 plugins.
Preloading 0 native plugins for Editor in 0.00 ms.
Package Manager log level set to [2]
[Package Manager] Server::EnsureServerProcessIsRunning -- launch failed, reason: Unity was launched with the -noUpm command-line argument
[Package Manager] Cannot connect to Unity Package Manager local server
Mono: successfully reloaded assembly
- Completed reload, in  1.459 seconds
Domain Reload Profiling:
	ReloadAssembly (1460ms)
		BeginReloadAssembly (132ms)
			ExecutionOrderSort (0ms)
			DisableScriptedObjects (6ms)
			BackupInstance (0ms)
			ReleaseScriptingObjects (0ms)
			CreateAndSetChildDomain (18ms)
		EndReloadAssembly (1221ms)
			LoadAssemblies (172ms)
			RebuildTransferFunctionScriptingTraits (0ms)
			SetupTypeCache (268ms)
			ReleaseScriptCaches (1ms)
			RebuildScriptCaches (45ms)
			SetupLoadedEditorAssemblies (715ms)
				LogAssemblyErrors (0ms)
				InitializePlatformSupportModulesInManaged (22ms)
				SetLoadedEditorAssemblies (0ms)
				RefreshPlugins (1ms)
				BeforeProcessingInitializeOnLoad (74ms)
				ProcessInitializeOnLoadAttributes (586ms)
				ProcessInitializeOnLoadMethodAttributes (20ms)
				AfterProcessingInitializeOnLoad (12ms)
				EditorAssembliesLoaded (0ms)
			ExecutionOrderSort2 (0ms)
			AwakeInstancesAfterBackupRestoration (6ms)
Platform modules already initialized, skipping
========================================================================
Worker process is ready to serve import requests
Launched and connected shader compiler UnityShaderCompiler.exe after 0.08 seconds
Refreshing native plugins compatible for Editor in 0.66 ms, found 3 plugins.
Preloading 0 native plugins for Editor in 0.00 ms.
Unloading 3076 Unused Serialized files (Serialized files now loaded: 0)
Unloading 24 unused Assets / (111.6 KB). Loaded Objects now: 3555.
Memory consumption went from 126.1 MB to 126.0 MB.
Total: 2.774200 ms (FindLiveObjects: 0.231300 ms CreateObjectMapping: 0.152100 ms MarkObjects: 2.294000 ms  DeleteObjects: 0.095800 ms)

AssetImportParameters requested are different than current active one (requested -> active):
  custom:video-decoder-ogg-theora: a1e56fd34408186e4bbccfd4996cb3dc -> 
  custom:container-muxer-webm: aa71ff27fc2769a1b78a27578f13a17b -> 
  custom:container-demuxer-webm: 4f35f7cbe854078d1ac9338744f61a02 -> 
  custom:video-encoder-webm-vp8: eb34c28f22e8b96e1ab97ce403110664 -> 
  custom:CustomObjectIndexerAttribute: bc11b3a6c3213fcdd17b65e7da85e133 -> 
  custom:audio-encoder-webm-vorbis: bf7c407c2cedff20999df2af8eb42d56 -> 
  custom:framework-win-MediaFoundation: 216162199b28c13a410421893ffa2e32 -> 
  custom:SearchIndexIgnoredProperties: e643bd26f0fe6173181afceb89e7c659 -> 
  custom:container-demuxer-ogg: 62fdf1f143b41e24485cea50d1cbac27 -> 
  custom:video-decoder-webm-vp8: 9c59270c3fd7afecdb556c50c9e8de78 -> 
  custom:audio-decoder-ogg-vorbis: bf7c407c2cedff20999df2af8eb42d56 -> 
========================================================================
Received Import Request.
  Time since last request: 465712.491591 seconds.
  path: Assets/Height Fog/SharedStuff/Meshes
  artifactKey: Guid(2275c6e1d5cd6134da23068fbe88502d) Importer(815301076,1909f56bfc062723c751e8b465ee728b)
Number of updated assets reloaded before import = 0
Start importing Assets/Height Fog/SharedStuff/Meshes using Guid(2275c6e1d5cd6134da23068fbe88502d) Importer(815301076,1909f56bfc062723c751e8b465ee728b)  -> (artifact id: '253352fe883fe3364ff4f825211269eb') in 0.013746 seconds 
Number of asset objects unloaded after import = 0
========================================================================
Received Import Request.
  Time since last request: 0.074602 seconds.
  path: Assets/Height Fog/SharedStuff/Meshes/candles_1.FBX
  artifactKey: Guid(09096398ad06eda44ba435d33aadc4f6) Importer(815301076,1909f56bfc062723c751e8b465ee728b)
Number of updated assets reloaded before import = 0
Start importing Assets/Height Fog/SharedStuff/Meshes/candles_1.FBX using Guid(09096398ad06eda44ba435d33aadc4f6) Importer(815301076,1909f56bfc062723c751e8b465ee728b)  -> (artifact id: 'bb3aa3f1053b480138c575ef0da3d51b') in 0.413643 seconds 
Number of asset objects unloaded after import = 94
========================================================================
Received Import Request.
  Time since last request: 4.248503 seconds.
  path: Assets/Height Fog/SharedStuff/Meshes/Materials
  artifactKey: Guid(39b6bf1edf25ab143b83fffe0f6e3a62) Importer(815301076,1909f56bfc062723c751e8b465ee728b)
Number of updated assets reloaded before import = 0
Start importing Assets/Height Fog/SharedStuff/Meshes/Materials using Guid(39b6bf1edf25ab143b83fffe0f6e3a62) Importer(815301076,1909f56bfc062723c751e8b465ee728b)  -> (artifact id: '28684cd3ea27c8c9b22da9886b6bbfcc') in 0.001951 seconds 
Number of asset objects unloaded after import = 0
========================================================================
Received Import Request.
  Time since last request: 0.065827 seconds.
  path: Assets/Height Fog/SharedStuff/Meshes/Materials/01 - Default.mat
  artifactKey: Guid(df18c4875a540c84bb859c915d17adaf) Importer(815301076,1909f56bfc062723c751e8b465ee728b)
Number of updated assets reloaded before import = 0
Start importing Assets/Height Fog/SharedStuff/Meshes/Materials/01 - Default.mat using Guid(df18c4875a540c84bb859c915d17adaf) Importer(815301076,1909f56bfc062723c751e8b465ee728b)  -> (artifact id: '3a74bcf3a7fed1c4f898be7974adf99a') in 0.019086 seconds 
Number of asset objects unloaded after import = 1
========================================================================
Received Import Request.
  Time since last request: 0.000016 seconds.
  path: Assets/Height Fog/SharedStuff/Meshes/Materials/default.mat
  artifactKey: Guid(8a8932b0127b1244e99f53a1a3f61953) Importer(815301076,1909f56bfc062723c751e8b465ee728b)
Number of updated assets reloaded before import = 0
Start importing Assets/Height Fog/SharedStuff/Meshes/Materials/default.mat using Guid(8a8932b0127b1244e99f53a1a3f61953) Importer(815301076,1909f56bfc062723c751e8b465ee728b)  -> (artifact id: '1b4f3d7a5813ae0454c2e4de998868b0') in 0.014367 seconds 
Number of asset objects unloaded after import = 1
========================================================================
Received Import Request.
  Time since last request: 10.549689 seconds.
  path: Assets/Height Fog/Legacy Renderers
  artifactKey: Guid(4a5b6da8bfb21ee48aab88aec134d31c) Importer(815301076,1909f56bfc062723c751e8b465ee728b)
Number of updated assets reloaded before import = 0
Start importing Assets/Height Fog/Legacy Renderers using Guid(4a5b6da8bfb21ee48aab88aec134d31c) Importer(815301076,1909f56bfc062723c751e8b465ee728b)  -> (artifact id: '723308911e2c797895d295c76b891c46') in 0.008530 seconds 
Number of asset objects unloaded after import = 0
========================================================================
Received Import Request.
  Time since last request: 15.125107 seconds.
  path: Assets/Height Fog/Legacy Renderers/Shaders
  artifactKey: Guid(f367af43ba13b934fbc88480484040bc) Importer(815301076,1909f56bfc062723c751e8b465ee728b)
Number of updated assets reloaded before import = 0
Start importing Assets/Height Fog/Legacy Renderers/Shaders using Guid(f367af43ba13b934fbc88480484040bc) Importer(815301076,1909f56bfc062723c751e8b465ee728b)  -> (artifact id: 'cd70f77abfbae4a47a25b1d81ae0902e') in 0.008510 seconds 
Number of asset objects unloaded after import = 0
========================================================================
Received Import Request.
  Time since last request: 2.633672 seconds.
  path: Assets/Height Fog/SharedStuff
  artifactKey: Guid(ad450bb1e9b84d84ba2cf0394508f4f8) Importer(815301076,1909f56bfc062723c751e8b465ee728b)
Number of updated assets reloaded before import = 0
Start importing Assets/Height Fog/SharedStuff using Guid(ad450bb1e9b84d84ba2cf0394508f4f8) Importer(815301076,1909f56bfc062723c751e8b465ee728b)  -> (artifact id: '8ef58d8105a4f1876877bd684891ae56') in 0.008624 seconds 
Number of asset objects unloaded after import = 0
========================================================================
Received Import Request.
  Time since last request: 3.965297 seconds.
  path: Assets/Height Fog/SharedStuff/Textures
  artifactKey: Guid(c425655b64f148c4e9acd24ef512a2ba) Importer(815301076,1909f56bfc062723c751e8b465ee728b)
Number of updated assets reloaded before import = 0
Start importing Assets/Height Fog/SharedStuff/Textures using Guid(c425655b64f148c4e9acd24ef512a2ba) Importer(815301076,1909f56bfc062723c751e8b465ee728b)  -> (artifact id: 'f024b365d9c2f1d0b3623fa38d139110') in 0.001845 seconds 
Number of asset objects unloaded after import = 0
========================================================================
Received Import Request.
  Time since last request: 0.067885 seconds.
  path: Assets/Height Fog/SharedStuff/Textures/Flame.tga
  artifactKey: Guid(7f96b36513c87384998119adf12b9fdd) Importer(815301076,1909f56bfc062723c751e8b465ee728b)
Number of updated assets reloaded before import = 0
Start importing Assets/Height Fog/SharedStuff/Textures/Flame.tga using Guid(7f96b36513c87384998119adf12b9fdd) Importer(815301076,1909f56bfc062723c751e8b465ee728b)  -> (artifact id: '6ef1c5711ded3c65f953663850d7abc2') in 0.043129 seconds 
Number of asset objects unloaded after import = 2
========================================================================
Received Import Request.
  Time since last request: 0.000020 seconds.
  path: Assets/Height Fog/SharedStuff/Textures/rock_ao.png
  artifactKey: Guid(99314db53afb99a42a42271c52341602) Importer(815301076,1909f56bfc062723c751e8b465ee728b)
Number of updated assets reloaded before import = 0
Start importing Assets/Height Fog/SharedStuff/Textures/rock_ao.png using Guid(99314db53afb99a42a42271c52341602) Importer(815301076,1909f56bfc062723c751e8b465ee728b)  -> (artifact id: 'eb9d420e0b4b65a8737fd9089c7670a9') in 0.046381 seconds 
Number of asset objects unloaded after import = 2
========================================================================
Received Import Request.
  Time since last request: 0.000021 seconds.
  path: Assets/Height Fog/SharedStuff/Textures/rock2_n.tga
  artifactKey: Guid(16f5e947fa6230b47897f257806a4808) Importer(815301076,1909f56bfc062723c751e8b465ee728b)
Number of updated assets reloaded before import = 0
Start importing Assets/Height Fog/SharedStuff/Textures/rock2_n.tga using Guid(16f5e947fa6230b47897f257806a4808) Importer(815301076,1909f56bfc062723c751e8b465ee728b)  -> (artifact id: '56219400f262c2910507a1ab8a13e8e3') in 0.047358 seconds 
Number of asset objects unloaded after import = 2
========================================================================
Received Import Request.
  Time since last request: 8.642234 seconds.
  path: Assets/Height Fog/SharedStuff/Scripts
  artifactKey: Guid(3fb1bed5708491044be8c04538c4e4d9) Importer(815301076,1909f56bfc062723c751e8b465ee728b)
Number of updated assets reloaded before import = 0
Start importing Assets/Height Fog/SharedStuff/Scripts using Guid(3fb1bed5708491044be8c04538c4e4d9) Importer(815301076,1909f56bfc062723c751e8b465ee728b)  -> (artifact id: 'd3900ca8c6f63e7d2ff36199bb4290e6') in 0.008722 seconds 
Number of asset objects unloaded after import = 0
========================================================================
Received Import Request.
  Time since last request: 7.687542 seconds.
  path: Assets/Height Fog/URP (Universal Render RP package required)
  artifactKey: Guid(3e9a69e588030694596fa1c9b872bcdb) Importer(815301076,1909f56bfc062723c751e8b465ee728b)
Number of updated assets reloaded before import = 0
Start importing Assets/Height Fog/URP (Universal Render RP package required) using Guid(3e9a69e588030694596fa1c9b872bcdb) Importer(815301076,1909f56bfc062723c751e8b465ee728b)  -> (artifact id: 'c3f274047bd8e8087fe4127d6adcd711') in 0.010619 seconds 
Number of asset objects unloaded after import = 0
========================================================================
Received Prepare
Registering precompiled user dll's ...
Registered in 0.005283 seconds.
Begin MonoManager ReloadAssembly
Native extension for WindowsStandalone target not found
Native extension for Android target not found
Refreshing native plugins compatible for Editor in 0.77 ms, found 3 plugins.
Preloading 0 native plugins for Editor in 0.00 ms.
[Package Manager] Server::EnsureServerProcessIsRunning -- launch failed, reason: Unity was launched with the -noUpm command-line argument
[Package Manager] Cannot connect to Unity Package Manager local server
Mono: successfully reloaded assembly
- Completed reload, in  1.502 seconds
Domain Reload Profiling:
	ReloadAssembly (1502ms)
		BeginReloadAssembly (172ms)
			ExecutionOrderSort (0ms)
			DisableScriptedObjects (5ms)
			BackupInstance (0ms)
			ReleaseScriptingObjects (0ms)
			CreateAndSetChildDomain (35ms)
		EndReloadAssembly (1218ms)
			LoadAssemblies (129ms)
			RebuildTransferFunctionScriptingTraits (0ms)
			SetupTypeCache (329ms)
			ReleaseScriptCaches (1ms)
			RebuildScriptCaches (46ms)
			SetupLoadedEditorAssemblies (692ms)
				LogAssemblyErrors (0ms)
				InitializePlatformSupportModulesInManaged (26ms)
				SetLoadedEditorAssemblies (0ms)
				RefreshPlugins (1ms)
				BeforeProcessingInitializeOnLoad (71ms)
				ProcessInitializeOnLoadAttributes (561ms)
				ProcessInitializeOnLoadMethodAttributes (19ms)
				AfterProcessingInitializeOnLoad (13ms)
				EditorAssembliesLoaded (0ms)
			ExecutionOrderSort2 (0ms)
			AwakeInstancesAfterBackupRestoration (6ms)
Platform modules already initialized, skipping
Refreshing native plugins compatible for Editor in 0.47 ms, found 3 plugins.
Preloading 0 native plugins for Editor in 0.00 ms.
Unloading 3059 Unused Serialized files (Serialized files now loaded: 0)
Unloading 20 unused Assets / (21.9 KB). Loaded Objects now: 3604.
Memory consumption went from 125.6 MB to 125.5 MB.
Total: 2.470900 ms (FindLiveObjects: 0.230400 ms CreateObjectMapping: 0.171900 ms MarkObjects: 2.048400 ms  DeleteObjects: 0.019300 ms)

AssetImportParameters requested are different than current active one (requested -> active):
  custom:video-decoder-ogg-theora: a1e56fd34408186e4bbccfd4996cb3dc -> 
  custom:container-muxer-webm: aa71ff27fc2769a1b78a27578f13a17b -> 
  custom:container-demuxer-webm: 4f35f7cbe854078d1ac9338744f61a02 -> 
  custom:video-encoder-webm-vp8: eb34c28f22e8b96e1ab97ce403110664 -> 
  custom:CustomObjectIndexerAttribute: bc11b3a6c3213fcdd17b65e7da85e133 -> 
  custom:audio-encoder-webm-vorbis: bf7c407c2cedff20999df2af8eb42d56 -> 
  custom:framework-win-MediaFoundation: 216162199b28c13a410421893ffa2e32 -> 
  custom:SearchIndexIgnoredProperties: e643bd26f0fe6173181afceb89e7c659 -> 
  custom:container-demuxer-ogg: 62fdf1f143b41e24485cea50d1cbac27 -> 
  custom:video-decoder-webm-vp8: 9c59270c3fd7afecdb556c50c9e8de78 -> 
  custom:audio-decoder-ogg-vorbis: bf7c407c2cedff20999df2af8eb42d56 -> 
